INFO: [VRFC 10-2263] Analyzing SystemVerilog file "C:/Xilinx/FPGA_Prototyping_by_SystemVerilog_Examples/C3_RT_Level_Combinational_Circuit/3.12.1_Multi_function_barrel_shifter/mult_fuct_barl_shifter.srcs/sources_1/new/one_shift_lr_compare.sv" into library xil_defaultlib
INFO: [VRFC 10-311] analyzing module one_shift_lr_compare
INFO: [VRFC 10-2263] Analyzing SystemVerilog file "C:/Xilinx/FPGA_Prototyping_by_SystemVerilog_Examples/C3_RT_Level_Combinational_Circuit/3.12.1_Multi_function_barrel_shifter/mult_fuct_barl_shifter.srcs/sources_1/new/one_shift_lr_flip.sv" into library xil_defaultlib
INFO: [VRFC 10-311] analyzing module one_shift_lr_flip
INFO: [VRFC 10-2263] Analyzing SystemVerilog file "C:/Xilinx/FPGA_Prototyping_by_SystemVerilog_Examples/C3_RT_Level_Combinational_Circuit/3.12.1_Multi_function_barrel_shifter/mult_fuct_barl_shifter.srcs/sources_1/new/one_shift_lr.sv" into library xil_defaultlib
INFO: [VRFC 10-311] analyzing module one_shift_lr
INFO: [VRFC 10-2263] Analyzing SystemVerilog file "C:/Xilinx/FPGA_Prototyping_by_SystemVerilog_Examples/C3_RT_Level_Combinational_Circuit/3.12.1_Multi_function_barrel_shifter/mult_fuct_barl_shifter.srcs/sources_1/new/one_shift_flip_16.sv" into library xil_defaultlib
INFO: [VRFC 10-311] analyzing module one_shift_flip_16
INFO: [VRFC 10-2263] Analyzing SystemVerilog file "C:/Xilinx/FPGA_Prototyping_by_SystemVerilog_Examples/C3_RT_Level_Combinational_Circuit/3.12.1_Multi_function_barrel_shifter/mult_fuct_barl_shifter.srcs/sources_1/new/one_shift_flip_32.sv" into library xil_defaultlib
INFO: [VRFC 10-311] analyzing module one_shift_flip_32
INFO: [VRFC 10-2263] Analyzing SystemVerilog file "C:/Xilinx/FPGA_Prototyping_by_SystemVerilog_Examples/C3_RT_Level_Combinational_Circuit/3.12.1_Multi_function_barrel_shifter/mult_fuct_barl_shifter.srcs/sources_1/new/one_shift_lr_16.sv" into library xil_defaultlib
INFO: [VRFC 10-311] analyzing module one_shift_lr_16
INFO: [VRFC 10-2263] Analyzing SystemVerilog file "C:/Xilinx/FPGA_Prototyping_by_SystemVerilog_Examples/C3_RT_Level_Combinational_Circuit/3.12.1_Multi_function_barrel_shifter/mult_fuct_barl_shifter.srcs/sources_1/new/one_shift_lr_32.sv" into library xil_defaultlib
INFO: [VRFC 10-311] analyzing module one_shift_lr_32
INFO: [VRFC 10-2263] Analyzing SystemVerilog file "C:/Xilinx/FPGA_Prototyping_by_SystemVerilog_Examples/C3_RT_Level_Combinational_Circuit/3.12.1_Multi_function_barrel_shifter/mult_fuct_barl_shifter.srcs/sim_1/new/one_shift_lr_testbench.sv" into library xil_defaultlib
INFO: [VRFC 10-311] analyzing module one_shift_lr_testbench
INFO: [VRFC 10-2263] Analyzing SystemVerilog file "C:/Xilinx/FPGA_Prototyping_by_SystemVerilog_Examples/C3_RT_Level_Combinational_Circuit/3.12.1_Multi_function_barrel_shifter/mult_fuct_barl_shifter.srcs/sim_1/new/one_shift_16_testbench.sv" into library xil_defaultlib
INFO: [VRFC 10-311] analyzing module one_shift_16_testbench
INFO: [VRFC 10-2263] Analyzing SystemVerilog file "C:/Xilinx/FPGA_Prototyping_by_SystemVerilog_Examples/C3_RT_Level_Combinational_Circuit/3.12.1_Multi_function_barrel_shifter/mult_fuct_barl_shifter.srcs/sim_1/new/one_shift_32_testbench.sv" into library xil_defaultlib
INFO: [VRFC 10-311] analyzing module one_shift_32_testbench
